<?xml version="1.0" encoding="UTF-8"?>
<testng-results ignored="0" total="1" passed="1" failed="0" skipped="0">
  <reporter-output>
    <line>
      <![CDATA[Customer-00000009119        Customer-00000009119]]>
    </line>
  </reporter-output>
  <suite started-at="2024-07-24T16:02:08 IST" name="Surefire suite" finished-at="2024-07-24T16:02:41 IST" duration-ms="33506">
    <groups>
    </groups>
    <test started-at="2024-07-24T16:02:08 IST" name="Surefire test" finished-at="2024-07-24T16:02:41 IST" duration-ms="33506">
      <class name="Driver_factory.AppTest">
        <test-method signature="kickStart()[pri:0, instance:Driver_factory.AppTest@3b07a0d6]" started-at="2024-07-24T16:02:08 IST" name="kickStart" finished-at="2024-07-24T16:02:41 IST" duration-ms="33418" status="PASS">
          <reporter-output>
            <line>
              <![CDATA[Customer-00000009119        Customer-00000009119]]>
            </line>
          </reporter-output>
        </test-method> <!-- kickStart -->
      </class> <!-- Driver_factory.AppTest -->
    </test> <!-- Surefire test -->
  </suite> <!-- Surefire suite -->
</testng-results>
