<?xml version="1.0" encoding="UTF-8"?>
<testng-results ignored="0" total="1" passed="1" failed="0" skipped="0">
  <reporter-output>
    <line>
      <![CDATA[Customer-00000008999        Customer-00000008999]]>
    </line>
  </reporter-output>
  <suite started-at="2024-07-22T14:55:49 IST" name="Default suite" finished-at="2024-07-22T14:56:30 IST" duration-ms="40856">
    <groups>
    </groups>
    <test started-at="2024-07-22T14:55:49 IST" name="Default test" finished-at="2024-07-22T14:56:30 IST" duration-ms="40856">
      <class name="Driver_factory.AppTest">
        <test-method signature="kickStart()[pri:0, instance:Driver_factory.AppTest@55b699ef]" started-at="2024-07-22T14:55:49 IST" name="kickStart" finished-at="2024-07-22T14:56:30 IST" duration-ms="40747" status="PASS">
          <reporter-output>
            <line>
              <![CDATA[Customer-00000008999        Customer-00000008999]]>
            </line>
          </reporter-output>
        </test-method> <!-- kickStart -->
      </class> <!-- Driver_factory.AppTest -->
    </test> <!-- Default test -->
  </suite> <!-- Default suite -->
</testng-results>
